<?xml version="1.0" encoding="UTF-8"?>
<robot generator="Robot 6.1.1 (Python 3.11.4 on darwin)" generated="20230815 17:41:40.136" rpa="false" schemaversion="4">
<suite id="s1" name="Tests" source="/Users/admin/PycharmProjects/my-python-app/Tests">
<suite id="s1-s1" name="TestCase1" source="/Users/admin/PycharmProjects/my-python-app/Tests/TestCase1.robot">
<test id="s1-s1-t1" name="TEST" line="45">
<kw name="Log" library="BuiltIn">
<arg>This is ${MY_VARIABLE} a sample test case</arg>
<doc>Logs the given message with the given level.</doc>
<msg timestamp="20230815 17:41:40.148" level="TRACE">Arguments: [ 'This is my test variable a sample test case' ]</msg>
<msg timestamp="20230815 17:41:40.148" level="INFO">This is my test variable a sample test case</msg>
<msg timestamp="20230815 17:41:40.148" level="TRACE">Return: None</msg>
<status status="PASS" starttime="20230815 17:41:40.148" endtime="20230815 17:41:40.148"/>
</kw>
<kw name="Log" library="BuiltIn">
<arg>This is ${MY_LIST} a sample test case</arg>
<doc>Logs the given message with the given level.</doc>
<msg timestamp="20230815 17:41:40.148" level="TRACE">Arguments: [ "This is ['test1', 'test2', 'test3'] a sample test case" ]</msg>
<msg timestamp="20230815 17:41:40.148" level="INFO">This is ['test1', 'test2', 'test3'] a sample test case</msg>
<msg timestamp="20230815 17:41:40.148" level="TRACE">Return: None</msg>
<status status="PASS" starttime="20230815 17:41:40.148" endtime="20230815 17:41:40.148"/>
</kw>
<kw name="Log" library="BuiltIn">
<arg>This is ${MY_LIST}[0] a sample test case</arg>
<doc>Logs the given message with the given level.</doc>
<msg timestamp="20230815 17:41:40.148" level="TRACE">Arguments: [ 'This is test1 a sample test case' ]</msg>
<msg timestamp="20230815 17:41:40.148" level="INFO">This is test1 a sample test case</msg>
<msg timestamp="20230815 17:41:40.148" level="TRACE">Return: None</msg>
<status status="PASS" starttime="20230815 17:41:40.148" endtime="20230815 17:41:40.148"/>
</kw>
<kw name="Log" library="BuiltIn">
<arg>This is ${MY_DICTIONARY} a sample test case</arg>
<doc>Logs the given message with the given level.</doc>
<msg timestamp="20230815 17:41:40.149" level="TRACE">Arguments: [ "This is {'username': 'test123', 'password': 'Aaaa1234#'} a sample test case" ]</msg>
<msg timestamp="20230815 17:41:40.149" level="INFO">This is {'username': 'test123', 'password': 'Aaaa1234#'} a sample test case</msg>
<msg timestamp="20230815 17:41:40.149" level="TRACE">Return: None</msg>
<status status="PASS" starttime="20230815 17:41:40.148" endtime="20230815 17:41:40.149"/>
</kw>
<kw name="Log My Username">
<msg timestamp="20230815 17:41:40.149" level="TRACE">Arguments: [  ]</msg>
<kw name="Log" library="BuiltIn">
<arg>This is my username - ${MY_DICTIONARY}[username]</arg>
<doc>Logs the given message with the given level.</doc>
<msg timestamp="20230815 17:41:40.149" level="TRACE">Arguments: [ 'This is my username - test123' ]</msg>
<msg timestamp="20230815 17:41:40.149" level="INFO">This is my username - test123</msg>
<msg timestamp="20230815 17:41:40.149" level="TRACE">Return: None</msg>
<status status="PASS" starttime="20230815 17:41:40.149" endtime="20230815 17:41:40.149"/>
</kw>
<msg timestamp="20230815 17:41:40.149" level="TRACE">Return: None</msg>
<status status="PASS" starttime="20230815 17:41:40.149" endtime="20230815 17:41:40.149"/>
</kw>
<kw name="Log My Password">
<msg timestamp="20230815 17:41:40.149" level="TRACE">Arguments: [  ]</msg>
<kw name="Log" library="BuiltIn">
<arg>This is my password - ${MY_DICTIONARY}[password]</arg>
<doc>Logs the given message with the given level.</doc>
<msg timestamp="20230815 17:41:40.149" level="TRACE">Arguments: [ 'This is my password - Aaaa1234#' ]</msg>
<msg timestamp="20230815 17:41:40.149" level="INFO">This is my password - Aaaa1234#</msg>
<msg timestamp="20230815 17:41:40.149" level="TRACE">Return: None</msg>
<status status="PASS" starttime="20230815 17:41:40.149" endtime="20230815 17:41:40.149"/>
</kw>
<msg timestamp="20230815 17:41:40.149" level="TRACE">Return: None</msg>
<status status="PASS" starttime="20230815 17:41:40.149" endtime="20230815 17:41:40.149"/>
</kw>
<kw name="Log Username And Password 1">
<msg timestamp="20230815 17:41:40.149" level="TRACE">Arguments: [  ]</msg>
<kw name="Log" library="BuiltIn">
<arg>This is my username - ${MY_DICTIONARY}[username]</arg>
<doc>Logs the given message with the given level.</doc>
<msg timestamp="20230815 17:41:40.149" level="TRACE">Arguments: [ 'This is my username - test123' ]</msg>
<msg timestamp="20230815 17:41:40.149" level="INFO">This is my username - test123</msg>
<msg timestamp="20230815 17:41:40.149" level="TRACE">Return: None</msg>
<status status="PASS" starttime="20230815 17:41:40.149" endtime="20230815 17:41:40.149"/>
</kw>
<kw name="Log" library="BuiltIn">
<arg>This is my password - ${MY_DICTIONARY}[password]</arg>
<doc>Logs the given message with the given level.</doc>
<msg timestamp="20230815 17:41:40.149" level="TRACE">Arguments: [ 'This is my password - Aaaa1234#' ]</msg>
<msg timestamp="20230815 17:41:40.150" level="INFO">This is my password - Aaaa1234#</msg>
<msg timestamp="20230815 17:41:40.150" level="TRACE">Return: None</msg>
<status status="PASS" starttime="20230815 17:41:40.149" endtime="20230815 17:41:40.150"/>
</kw>
<msg timestamp="20230815 17:41:40.150" level="TRACE">Return: None</msg>
<status status="PASS" starttime="20230815 17:41:40.149" endtime="20230815 17:41:40.150"/>
</kw>
<kw name="Log Username And Password 2">
<msg timestamp="20230815 17:41:40.150" level="TRACE">Arguments: [  ]</msg>
<kw name="Log My Username">
<msg timestamp="20230815 17:41:40.150" level="TRACE">Arguments: [  ]</msg>
<kw name="Log" library="BuiltIn">
<arg>This is my username - ${MY_DICTIONARY}[username]</arg>
<doc>Logs the given message with the given level.</doc>
<msg timestamp="20230815 17:41:40.150" level="TRACE">Arguments: [ 'This is my username - test123' ]</msg>
<msg timestamp="20230815 17:41:40.150" level="INFO">This is my username - test123</msg>
<msg timestamp="20230815 17:41:40.150" level="TRACE">Return: None</msg>
<status status="PASS" starttime="20230815 17:41:40.150" endtime="20230815 17:41:40.150"/>
</kw>
<msg timestamp="20230815 17:41:40.150" level="TRACE">Return: None</msg>
<status status="PASS" starttime="20230815 17:41:40.150" endtime="20230815 17:41:40.150"/>
</kw>
<kw name="Log My Password">
<msg timestamp="20230815 17:41:40.150" level="TRACE">Arguments: [  ]</msg>
<kw name="Log" library="BuiltIn">
<arg>This is my password - ${MY_DICTIONARY}[password]</arg>
<doc>Logs the given message with the given level.</doc>
<msg timestamp="20230815 17:41:40.150" level="TRACE">Arguments: [ 'This is my password - Aaaa1234#' ]</msg>
<msg timestamp="20230815 17:41:40.150" level="INFO">This is my password - Aaaa1234#</msg>
<msg timestamp="20230815 17:41:40.150" level="TRACE">Return: None</msg>
<status status="PASS" starttime="20230815 17:41:40.150" endtime="20230815 17:41:40.150"/>
</kw>
<msg timestamp="20230815 17:41:40.150" level="TRACE">Return: None</msg>
<status status="PASS" starttime="20230815 17:41:40.150" endtime="20230815 17:41:40.150"/>
</kw>
<msg timestamp="20230815 17:41:40.150" level="TRACE">Return: None</msg>
<status status="PASS" starttime="20230815 17:41:40.150" endtime="20230815 17:41:40.150"/>
</kw>
<kw name="Log My Specific Username">
<arg>${MY_DICTIONARY}[username]</arg>
<msg timestamp="20230815 17:41:40.150" level="TRACE">Arguments: [ ${USERNAME}='test123' ]</msg>
<kw name="Log" library="BuiltIn">
<arg>${USERNAME}</arg>
<doc>Logs the given message with the given level.</doc>
<msg timestamp="20230815 17:41:40.150" level="TRACE">Arguments: [ 'test123' ]</msg>
<msg timestamp="20230815 17:41:40.150" level="INFO">test123</msg>
<msg timestamp="20230815 17:41:40.150" level="TRACE">Return: None</msg>
<status status="PASS" starttime="20230815 17:41:40.150" endtime="20230815 17:41:40.150"/>
</kw>
<msg timestamp="20230815 17:41:40.150" level="TRACE">Return: None</msg>
<status status="PASS" starttime="20230815 17:41:40.150" endtime="20230815 17:41:40.150"/>
</kw>
<kw name="Log My Specific Username">
<arg>${MY_DICTIONARY2}[username]</arg>
<msg timestamp="20230815 17:41:40.150" level="TRACE">Arguments: [ ${USERNAME}='test321' ]</msg>
<kw name="Log" library="BuiltIn">
<arg>${USERNAME}</arg>
<doc>Logs the given message with the given level.</doc>
<msg timestamp="20230815 17:41:40.150" level="TRACE">Arguments: [ 'test321' ]</msg>
<msg timestamp="20230815 17:41:40.150" level="INFO">test321</msg>
<msg timestamp="20230815 17:41:40.150" level="TRACE">Return: None</msg>
<status status="PASS" starttime="20230815 17:41:40.150" endtime="20230815 17:41:40.150"/>
</kw>
<msg timestamp="20230815 17:41:40.151" level="TRACE">Return: None</msg>
<status status="PASS" starttime="20230815 17:41:40.150" endtime="20230815 17:41:40.151"/>
</kw>
<kw name="Log My Specific Username And Password">
<arg>${MY_DICTIONARY2.username}</arg>
<arg>${MY_DICTIONARY2.password}</arg>
<msg timestamp="20230815 17:41:40.151" level="TRACE">Arguments: [ ${USERNAME}='test321' | ${PASSWORD}='Aaaa321#' ]</msg>
<kw name="Log" library="BuiltIn">
<arg>${USERNAME} - ${PASSWORD}</arg>
<doc>Logs the given message with the given level.</doc>
<msg timestamp="20230815 17:41:40.151" level="TRACE">Arguments: [ 'test321 - Aaaa321#' ]</msg>
<msg timestamp="20230815 17:41:40.151" level="INFO">test321 - Aaaa321#</msg>
<msg timestamp="20230815 17:41:40.151" level="TRACE">Return: None</msg>
<status status="PASS" starttime="20230815 17:41:40.151" endtime="20230815 17:41:40.151"/>
</kw>
<msg timestamp="20230815 17:41:40.151" level="TRACE">Return: None</msg>
<status status="PASS" starttime="20230815 17:41:40.151" endtime="20230815 17:41:40.151"/>
</kw>
<kw name="Log My Specific Username And Password 2">
<arg>${MY_DICTIONARY2.username}</arg>
<arg>${MY_DICTIONARY2.password}</arg>
<msg timestamp="20230815 17:41:40.152" level="TRACE">Arguments: [ ${USERNAME}='test321' | ${PASSWORD}='Aaaa321#' ]</msg>
<kw name="Log My Specific Username">
<arg>${USERNAME}</arg>
<msg timestamp="20230815 17:41:40.152" level="TRACE">Arguments: [ ${USERNAME}='test321' ]</msg>
<kw name="Log" library="BuiltIn">
<arg>${USERNAME}</arg>
<doc>Logs the given message with the given level.</doc>
<msg timestamp="20230815 17:41:40.153" level="TRACE">Arguments: [ 'test321' ]</msg>
<msg timestamp="20230815 17:41:40.153" level="INFO">test321</msg>
<msg timestamp="20230815 17:41:40.153" level="TRACE">Return: None</msg>
<status status="PASS" starttime="20230815 17:41:40.153" endtime="20230815 17:41:40.153"/>
</kw>
<msg timestamp="20230815 17:41:40.153" level="TRACE">Return: None</msg>
<status status="PASS" starttime="20230815 17:41:40.152" endtime="20230815 17:41:40.153"/>
</kw>
<kw name="Log My Specific Password">
<arg>${PASSWORD}</arg>
<msg timestamp="20230815 17:41:40.153" level="TRACE">Arguments: [ ${PASSWORD}='Aaaa321#' ]</msg>
<kw name="Log" library="BuiltIn">
<arg>${PASSWORD}</arg>
<doc>Logs the given message with the given level.</doc>
<msg timestamp="20230815 17:41:40.153" level="TRACE">Arguments: [ 'Aaaa321#' ]</msg>
<msg timestamp="20230815 17:41:40.153" level="INFO">Aaaa321#</msg>
<msg timestamp="20230815 17:41:40.153" level="TRACE">Return: None</msg>
<status status="PASS" starttime="20230815 17:41:40.153" endtime="20230815 17:41:40.153"/>
</kw>
<msg timestamp="20230815 17:41:40.153" level="TRACE">Return: None</msg>
<status status="PASS" starttime="20230815 17:41:40.153" endtime="20230815 17:41:40.153"/>
</kw>
<msg timestamp="20230815 17:41:40.153" level="TRACE">Return: None</msg>
<status status="PASS" starttime="20230815 17:41:40.151" endtime="20230815 17:41:40.153"/>
</kw>
<tag>demo1</tag>
<status status="PASS" starttime="20230815 17:41:40.148" endtime="20230815 17:41:40.153"/>
</test>
<doc>This is my first test case</doc>
<status status="PASS" starttime="20230815 17:41:40.145" endtime="20230815 17:41:40.154"/>
</suite>
<suite id="s1-s2" name="TestCase2" source="/Users/admin/PycharmProjects/my-python-app/Tests/TestCase2.robot">
<test id="s1-s2-t1" name="TEST2" line="11">
<kw name="Log My Specific Username And Password 2" library="resources">
<arg>${MY_DICTIONARY2.username}</arg>
<arg>${MY_DICTIONARY2.password}</arg>
<msg timestamp="20230815 17:41:40.157" level="TRACE">Arguments: [ ${USERNAME}='test321' | ${PASSWORD}='Aaaa321#' ]</msg>
<kw name="Log My Specific Username" library="resources">
<arg>${USERNAME}</arg>
<msg timestamp="20230815 17:41:40.157" level="TRACE">Arguments: [ ${USERNAME}='test321' ]</msg>
<kw name="Log" library="BuiltIn">
<arg>${USERNAME}</arg>
<doc>Logs the given message with the given level.</doc>
<msg timestamp="20230815 17:41:40.157" level="TRACE">Arguments: [ 'test321' ]</msg>
<msg timestamp="20230815 17:41:40.157" level="INFO">test321</msg>
<msg timestamp="20230815 17:41:40.157" level="TRACE">Return: None</msg>
<status status="PASS" starttime="20230815 17:41:40.157" endtime="20230815 17:41:40.157"/>
</kw>
<msg timestamp="20230815 17:41:40.157" level="TRACE">Return: None</msg>
<status status="PASS" starttime="20230815 17:41:40.157" endtime="20230815 17:41:40.157"/>
</kw>
<kw name="Log My Specific Password" library="resources">
<arg>${PASSWORD}</arg>
<msg timestamp="20230815 17:41:40.157" level="TRACE">Arguments: [ ${PASSWORD}='Aaaa321#' ]</msg>
<kw name="Log" library="BuiltIn">
<arg>${PASSWORD}</arg>
<doc>Logs the given message with the given level.</doc>
<msg timestamp="20230815 17:41:40.157" level="TRACE">Arguments: [ 'Aaaa321#' ]</msg>
<msg timestamp="20230815 17:41:40.157" level="INFO">Aaaa321#</msg>
<msg timestamp="20230815 17:41:40.157" level="TRACE">Return: None</msg>
<status status="PASS" starttime="20230815 17:41:40.157" endtime="20230815 17:41:40.157"/>
</kw>
<msg timestamp="20230815 17:41:40.157" level="TRACE">Return: None</msg>
<status status="PASS" starttime="20230815 17:41:40.157" endtime="20230815 17:41:40.157"/>
</kw>
<msg timestamp="20230815 17:41:40.157" level="TRACE">Return: None</msg>
<status status="PASS" starttime="20230815 17:41:40.156" endtime="20230815 17:41:40.157"/>
</kw>
<tag>demo2</tag>
<status status="PASS" starttime="20230815 17:41:40.156" endtime="20230815 17:41:40.157"/>
</test>
<status status="PASS" starttime="20230815 17:41:40.154" endtime="20230815 17:41:40.157"/>
</suite>
<suite id="s1-s3" name="TestSuite" source="/Users/admin/PycharmProjects/my-python-app/Tests/TestSuite.robot">
<test id="s1-s3-t1" name="TEST" line="5">
<kw name="Log" library="BuiltIn">
<arg>This is a sample test case</arg>
<doc>Logs the given message with the given level.</doc>
<msg timestamp="20230815 17:41:40.158" level="TRACE">Arguments: [ 'This is a sample test case' ]</msg>
<msg timestamp="20230815 17:41:40.158" level="INFO">This is a sample test case</msg>
<msg timestamp="20230815 17:41:40.158" level="TRACE">Return: None</msg>
<status status="PASS" starttime="20230815 17:41:40.158" endtime="20230815 17:41:40.158"/>
</kw>
<status status="PASS" starttime="20230815 17:41:40.158" endtime="20230815 17:41:40.158"/>
</test>
<test id="s1-s3-t2" name="TEST2" line="8">
<kw name="Log" library="BuiltIn">
<arg>This is message test case 2</arg>
<doc>Logs the given message with the given level.</doc>
<msg timestamp="20230815 17:41:40.158" level="TRACE">Arguments: [ 'This is message test case 2' ]</msg>
<msg timestamp="20230815 17:41:40.158" level="INFO">This is message test case 2</msg>
<msg timestamp="20230815 17:41:40.158" level="TRACE">Return: None</msg>
<status status="PASS" starttime="20230815 17:41:40.158" endtime="20230815 17:41:40.158"/>
</kw>
<status status="PASS" starttime="20230815 17:41:40.158" endtime="20230815 17:41:40.158"/>
</test>
<status status="PASS" starttime="20230815 17:41:40.158" endtime="20230815 17:41:40.158"/>
</suite>
<status status="PASS" starttime="20230815 17:41:40.137" endtime="20230815 17:41:40.159"/>
</suite>
<statistics>
<total>
<stat pass="4" fail="0" skip="0">All Tests</stat>
</total>
<tag>
<stat pass="1" fail="0" skip="0">demo1</stat>
<stat pass="1" fail="0" skip="0">demo2</stat>
</tag>
<suite>
<stat pass="4" fail="0" skip="0" id="s1" name="Tests">Tests</stat>
<stat pass="1" fail="0" skip="0" id="s1-s1" name="TestCase1">Tests.TestCase1</stat>
<stat pass="1" fail="0" skip="0" id="s1-s2" name="TestCase2">Tests.TestCase2</stat>
<stat pass="2" fail="0" skip="0" id="s1-s3" name="TestSuite">Tests.TestSuite</stat>
</suite>
</statistics>
<errors>
</errors>
</robot>
